<?xml version="1.0" encoding="UTF-8"?>
<!-- Generated by org.testng.reporters.JUnitReportReporter -->
<testsuite hostname="DESKTOP-MVHOUL6" failures="0" tests="1" name="testingchrome.AutomationTesting" time="0.007" errors="0" timestamp="2022-05-23T21:55:36 BOT" skipped="0">
  <testcase classname="testingchrome.AutomationTesting" name="testSamePerson" time="0.007"/>
  <system-out/>
</testsuite> <!-- testingchrome.AutomationTesting -->
